<?xml version="1.0" encoding="utf-8"?><testsuites name="pytest tests"><testsuite name="pytest" errors="0" failures="3" skipped="0" tests="13" time="12.011" timestamp="2026-08-14T04:03:07.779582+00:00" hostname="agent-env-0571847a-299d-46cc-b578-8f74160cbe78"><testcase classname="tests.test_iteration12_auth_superadmin.TestTwoFactorLogin" name="test_principal_login_requires_otp_and_masks_email" time="0.697" /><testcase classname="tests.test_iteration12_auth_superadmin.TestTwoFactorLogin" name="test_wrong_otp_then_correct_otp_then_reuse_fails" time="1.551" /><testcase classname="tests.test_iteration12_auth_superadmin.TestTwoFactorLogin" name="test_expired_and_absent_otp_return_400" time="0.970" /><testcase classname="tests.test_iteration12_auth_superadmin.TestTwoFactorLogin" name="test_student_without_email_uses_password_only" time="1.744" /><testcase classname="tests.test_iteration12_auth_superadmin.TestSuperAdmin" name="test_super_admin_login_and_list_contracts" time="1.380" /><testcase classname="tests.test_iteration12_auth_superadmin.TestSuperAdmin" name="test_principal_is_forbidden_from_super_admin" time="0.102" /><testcase classname="tests.test_iteration12_auth_superadmin.TestSuperAdmin" name="test_super_admin_user_crud_and_status" time="2.351" /><testcase classname="tests.test_iteration12_auth_superadmin.TestSuperAdmin" name="test_institute_activation_gate_and_restore" time="1.180" /><testcase classname="tests.test_iteration12_auth_superadmin.TestAuthControls" name="test_seeded_hashes_use_bcrypt_2b" time="0.001" /><testcase classname="tests.test_iteration12_auth_superadmin.TestAuthControls" name="test_brute_force_lockout_after_five_failures" time="0.627" /><testcase classname="tests.test_iteration12_auth_superadmin.TestAuthControls" name="test_otp_verification_sets_httponly_cookie" time="1.158"><failure message="AssertionError: assert ('access_token=' in '__cf_bm=j.ae8wlncffuamstemelur07sjcld0447g8vae9h_es-1786680199.37586-1.0.1.1-bf7hlp_vjoipt7pi_kkgwiehy57xhyq9s_zt8ddcsa1osulnjoqq.o1xm6uln3y1wjgf._ugamx2jn0e6mrdxfjmgvlxppk5owncmohq37ph1heu57utukw82kavmost; httponly; samesite=none; secure; path=/; domain=preview.emergentagent.com; expires=fri, 14 aug 2026 04:33:19 gmt')">backend/tests/test_iteration12_auth_superadmin.py:262: in test_otp_verification_sets_httponly_cookie
    assert "access_token=" in cookie and "httponly" in cookie and "secure" in cookie
E   AssertionError: assert ('access_token=' in '__cf_bm=j.ae8wlncffuamstemelur07sjcld0447g8vae9h_es-1786680199.37586-1.0.1.1-bf7hlp_vjoipt7pi_kkgwiehy57xhyq9s_zt8ddcsa1osulnjoqq.o1xm6uln3y1wjgf._ugamx2jn0e6mrdxfjmgvlxppk5owncmohq37ph1heu57utukw82kavmost; httponly; samesite=none; secure; path=/; domain=preview.emergentagent.com; expires=fri, 14 aug 2026 04:33:19 gmt')</failure></testcase><testcase classname="tests.test_iteration12_auth_superadmin.TestAuthControls" name="test_cors_allows_credentials_for_explicit_origin" time="0.066"><failure message="AssertionError: assert '' == 'true'&#10;  &#10;  - true">backend/tests/test_iteration12_auth_superadmin.py:271: in test_cors_allows_credentials_for_explicit_origin
    assert response.headers.get("access-control-allow-credentials", "").lower() == "true"
E   AssertionError: assert '' == 'true'
E     
E     - true</failure></testcase><testcase classname="tests.test_iteration12_auth_superadmin.TestAuthControls" name="test_super_admin_seed_updates_existing_password_when_configuration_changes" time="0.002"><failure message="ModuleNotFoundError: No module named 'server'">backend/tests/test_iteration12_auth_superadmin.py:276: in test_super_admin_seed_updates_existing_password_when_configuration_changes
    import server
E   ModuleNotFoundError: No module named 'server'</failure></testcase></testsuite></testsuites>