<?xml version="1.0" encoding="utf-8"?><testsuites name="pytest tests"><testsuite name="pytest" errors="0" failures="1" skipped="0" tests="1" time="2.557" timestamp="2026-08-12T12:33:04.915361+00:00" hostname="agent-env-0571847a-299d-46cc-b578-8f74160cbe78"><testcase classname="tests.test_iteration10_requested" name="test_auth_playbook_controls" time="1.353"><failure message="AssertionError: assert ('access_token=' in '__cf_bm=xknal.ge15dqvpsiiomwczdjn3nbowejky2etyzzyoe-1786537986.5889163-1.0.1.1-2ty50aeiodzmrbxlxtdnpl5losishbpno.ix0stfpmf5iegcdcsfdwic8f0r1bjk3dz4z3ymifb268yrj57s2ancm8js2df0dfhiffd9353eso7pesojx5tc0hvn3gf6; httponly; samesite=none; secure; path=/; domain=preview.emergentagent.com; expires=wed, 12 aug 2026 13:03:06 gmt')">backend/tests/test_iteration10_requested.py:275: in test_auth_playbook_controls
    assert "access_token=" in cookie and "httponly" in cookie
E   AssertionError: assert ('access_token=' in '__cf_bm=xknal.ge15dqvpsiiomwczdjn3nbowejky2etyzzyoe-1786537986.5889163-1.0.1.1-2ty50aeiodzmrbxlxtdnpl5losishbpno.ix0stfpmf5iegcdcsfdwic8f0r1bjk3dz4z3ymifb268yrj57s2ancm8js2df0dfhiffd9353eso7pesojx5tc0hvn3gf6; httponly; samesite=none; secure; path=/; domain=preview.emergentagent.com; expires=wed, 12 aug 2026 13:03:06 gmt')</failure></testcase></testsuite></testsuites>