<?xml version="1.0" encoding="utf-8"?><testsuites name="pytest tests"><testsuite name="pytest" errors="0" failures="2" skipped="0" tests="29" time="21.509" timestamp="2026-08-11T04:14:42.004568+00:00" hostname="agent-env-0571847a-299d-46cc-b578-8f74160cbe78"><testcase classname="tests.backend_test.TestAcademicAndCommunication" name="test_exam_create_marks_results_rank_grade" time="1.445" /><testcase classname="tests.backend_test.TestAuth" name="test_logins_and_me_for_all_roles" time="1.771" /><testcase classname="tests.backend_test.TestAcademicAndCommunication" name="test_homework_assign_submit_and_complete" time="0.824" /><testcase classname="tests.backend_test.TestAuth" name="test_invalid_login_and_lockout_after_five_failures" time="0.600" /><testcase classname="tests.backend_test.TestAuth" name="test_login_sets_httponly_cookie" time="0.455"><failure message="AssertionError: assert ('access_token=' in '__cf_bm=mxftmhm6mhim8kyuvjrfllw5iihj4mgqqhyjokxvo5c-1786421684.8105893-1.0.1.1-lz2rpf2me8gvaizq69a3_lbknqdfbwzlmxq9l1cxwqczbd5oohfkld8huhnmym_tfoyb85esrb8grjj1qvh7odyb15kvrc0y_t5bj1hw7zxab14z2dx4u9zj0cifatlt; httponly; samesite=none; secure; path=/; domain=preview.emergentagent.com; expires=tue, 11 aug 2026 04:44:45 gmt')">backend/tests/backend_test.py:96: in test_login_sets_httponly_cookie
    assert "access_token=" in cookie and "httponly" in cookie
E   AssertionError: assert ('access_token=' in '__cf_bm=mxftmhm6mhim8kyuvjrfllw5iihj4mgqqhyjokxvo5c-1786421684.8105893-1.0.1.1-lz2rpf2me8gvaizq69a3_lbknqdfbwzlmxq9l1cxwqczbd5oohfkld8huhnmym_tfoyb85esrb8grjj1qvh7odyb15kvrc0y_t5bj1hw7zxab14z2dx4u9zj0cifatlt; httponly; samesite=none; secure; path=/; domain=preview.emergentagent.com; expires=tue, 11 aug 2026 04:44:45 gmt')</failure></testcase><testcase classname="tests.backend_test.TestAcademicAndCommunication" name="test_announcement_post_role_visibility_delete" time="0.960" /><testcase classname="tests.backend_test.TestAuth" name="test_cors_credentials_uses_explicit_origin" time="0.069"><failure message="AssertionError: assert '' == 'true'&#10;  &#10;  - true">backend/tests/backend_test.py:105: in test_cors_credentials_uses_explicit_origin
    assert response.headers.get("access-control-allow-credentials", "").lower() == "true"
E   AssertionError: assert '' == 'true'
E     
E     - true</failure></testcase><testcase classname="tests.backend_test.TestAuth" name="test_seeded_password_hash_is_bcrypt_2b" time="0.006" /><testcase classname="tests.backend_test.TestDashboardsAndScope" name="test_all_dashboards" time="0.399" /><testcase classname="tests.backend_test.TestAcademicAndCommunication" name="test_complaint_raise_and_principal_resolve" time="0.291" /><testcase classname="tests.backend_test.TestDashboardsAndScope" name="test_teacher_student_scope" time="0.195" /><testcase classname="tests.backend_test.TestAcademicAndCommunication" name="test_enquiry_create_and_convert" time="0.316" /><testcase classname="tests.backend_test.TestDashboardsAndScope" name="test_teacher_attendance_timetable_and_exam_scope" time="0.447" /><testcase classname="tests.backend_test.TestAcademicAndCommunication" name="test_teacher_leave_apply_and_principal_reject" time="0.455" /><testcase classname="tests.backend_test.TestDashboardsAndScope" name="test_student_list_is_restricted_to_own_record" time="0.137" /><testcase classname="tests.backend_test.TestDashboardsAndScope" name="test_student_cannot_access_another_student" time="0.196" /><testcase classname="tests.backend_test.TestAcademicAndCommunication" name="test_timetable_generate_and_student_scope" time="0.206" /><testcase classname="tests.backend_test.TestOperations" name="test_manual_attendance_and_teacher_self_attendance" time="5.284" /><testcase classname="tests.backend_test.TestAcademicAndCommunication" name="test_ai_summary_and_timetable_suggestions" time="14.318" /><testcase classname="tests.backend_test.TestOperations" name="test_fee_create_remind_mark_paid" time="0.556" /><testcase classname="tests.backend_test.TestOperations" name="test_student_razorpay_test_order_creation" time="1.230" /><testcase classname="tests.backend_test.TestOperations" name="test_report_card_pdf" time="0.105" /><testcase classname="tests.backend_test.TestOperations" name="test_salary_create_pay_and_pdf" time="0.512" /><testcase classname="tests.backend_test.TestValidationAndPermissions" name="test_unauthenticated_and_forbidden_requests" time="0.389" /><testcase classname="tests.backend_test.TestValidationAndPermissions" name="test_student_cannot_read_staff_payroll" time="0.290" /><testcase classname="tests.backend_test.TestValidationAndPermissions" name="test_invalid_student_input_is_rejected" time="0.104" /><testcase classname="tests.backend_test.TestCoreCRUD" name="test_student_create_update_get_delete" time="0.893" /><testcase classname="tests.backend_test.TestCoreCRUD" name="test_batch_create_update_delete" time="0.629" /><testcase classname="tests.backend_test.TestCoreCRUD" name="test_teacher_create_update_delete" time="0.719" /></testsuite></testsuites>