<?xml version="1.0" encoding="utf-8"?><testsuites name="pytest tests"><testsuite name="pytest" errors="0" failures="0" skipped="0" tests="3" time="5.621" timestamp="2026-08-12T05:22:56.881490+00:00" hostname="agent-env-0571847a-299d-46cc-b578-8f74160cbe78"><testcase classname="tests.test_iteration7_salary_target" name="test_salary_auto_breakdown_for_legacy_components_metro_toggle_and_pdf" time="3.048" /><testcase classname="tests.test_iteration7_salary_target" name="test_collection_target_persistence_and_fee_stats_contract" time="0.544" /><testcase classname="tests.test_iteration7_salary_target" name="test_principal_teacher_student_login_regression" time="1.084" /></testsuite></testsuites>