<?xml version="1.0" encoding="utf-8"?><testsuites name="pytest tests"><testsuite name="pytest" errors="0" failures="5" skipped="0" tests="12" time="12.724" timestamp="2026-08-12T06:01:27.715393+00:00" hostname="agent-env-0571847a-299d-46cc-b578-8f74160cbe78"><testcase classname="tests.test_iteration9_requested" name="test_insights_four_bucket_contract_counts_and_rbac" time="1.003" /><testcase classname="tests.test_iteration9_requested" name="test_low_attendance_parent_notification" time="0.803" /><testcase classname="tests.test_iteration9_requested" name="test_quiz_publish_attempt_negative_marking_results_and_cleanup" time="1.453" /><testcase classname="tests.test_iteration9_requested" name="test_ai_quiz_generation_contract" time="4.853" /><testcase classname="tests.test_iteration9_requested" name="test_quiz_rejects_invalid_duration_marks_options_and_correct_index" time="0.213"><failure message="AssertionError: {&quot;name&quot;:&quot;TEST_Invalid Quiz&quot;,&quot;batch_id&quot;:&quot;TEST_batch&quot;,&quot;subject&quot;:&quot;&quot;,&quot;duration_min&quot;:0,&quot;marks_per_correct&quot;:-1.0,&quot;negative_marks&quot;:-2.0,&quot;questions&quot;:[{&quot;text&quot;:&quot;Broken&quot;,&quot;options&quot;:[&quot;only one&quot;],&quot;correct&quot;:8}],&quot;id&quot;:&quot;29d5fdc3-5bdd-4a35-bf25-d4addac210d2&quot;,&quot;institute_id&quot;:&quot;5c97245a-f2f7-4f24-8529-e03fcfd379d3&quot;,&quot;created_by&quot;:&quot;Dr. Shivam Mantri&quot;,&quot;created_at&quot;:&quot;2026-08-12T06:01:36.340909+00:00&quot;}&#10;assert 200 == 422&#10; +  where 200 = &lt;Response [200]&gt;.status_code">backend/tests/test_iteration9_requested.py:187: in test_quiz_rejects_invalid_duration_marks_options_and_correct_index
    assert response.status_code == 422, response.text
E   AssertionError: {"name":"TEST_Invalid Quiz","batch_id":"TEST_batch","subject":"","duration_min":0,"marks_per_correct":-1.0,"negative_marks":-2.0,"questions":[{"text":"Broken","options":["only one"],"correct":8}],"id":"29d5fdc3-5bdd-4a35-bf25-d4addac210d2","institute_id":"5c97245a-f2f7-4f24-8529-e03fcfd379d3","created_by":"Dr. Shivam Mantri","created_at":"2026-08-12T06:01:36.340909+00:00"}
E   assert 200 == 422
E    +  where 200 = &lt;Response [200]&gt;.status_code</failure></testcase><testcase classname="tests.test_iteration9_requested" name="test_student_cannot_access_other_batch_quiz" time="0.362"><failure message="AssertionError: assert 200 == 403&#10; +  where 200 = &lt;Response [200]&gt;.status_code&#10; +    where &lt;Response [200]&gt; = api('GET', '/quizzes/796a3a63-0763-4a8f-88b6-e9ac049bd92c', 'eyJhbGciOiJIUzI1NiIsInR5cCI6IkpXVCJ9.eyJzdWIiOiI5NTI2MDgyNi0yZjA0LTQ3YjItYWVjNS03ZjdkNTk0OGNhYzYiLCJyb2xlIjoic3R1ZGVudCIsImluc3RpdHV0ZV9pZCI6IjVjOTcyNDVhLWYyZjctNGYyNC04NTI5LWUwM2ZjZmQzNzlkMyIsImV4cCI6MTc4NzExOTI5MCwidHlwZSI6ImFjY2VzcyJ9.6ZkWluMru7qWmFLcFCaUa6dIFuudBuibRabHzsPg9HU')">backend/tests/test_iteration9_requested.py:202: in test_student_cannot_access_other_batch_quiz
    assert api("GET", f"/quizzes/{qid}", student["access_token"]).status_code == 403
E   AssertionError: assert 200 == 403
E    +  where 200 = &lt;Response [200]&gt;.status_code
E    +    where &lt;Response [200]&gt; = api('GET', '/quizzes/796a3a63-0763-4a8f-88b6-e9ac049bd92c', 'eyJhbGciOiJIUzI1NiIsInR5cCI6IkpXVCJ9.eyJzdWIiOiI5NTI2MDgyNi0yZjA0LTQ3YjItYWVjNS03ZjdkNTk0OGNhYzYiLCJyb2xlIjoic3R1ZGVudCIsImluc3RpdHV0ZV9pZCI6IjVjOTcyNDVhLWYyZjctNGYyNC04NTI5LWUwM2ZjZmQzNzlkMyIsImV4cCI6MTc4NzExOTI5MCwidHlwZSI6ImFjY2VzcyJ9.6ZkWluMru7qWmFLcFCaUa6dIFuudBuibRabHzsPg9HU')</failure></testcase><testcase classname="tests.test_iteration9_requested" name="test_homework_pdf_note_submission_review_and_cleanup" time="1.556" /><testcase classname="tests.test_iteration9_requested" name="test_homework_rejects_empty_submission" time="0.098"><failure message="AssertionError: {&quot;id&quot;:&quot;577020fe-1f54-41d7-8f96-e27c881fa202&quot;,&quot;homework_id&quot;:&quot;TEST_nonexistent&quot;,&quot;student_id&quot;:&quot;95260826-2f04-47b2-aec5-7f7d5948cac6&quot;,&quot;student_name&quot;:&quot;TEST_UI Retest Student&quot;,&quot;institute_id&quot;:&quot;5c97245a-f2f7-4f24-8529-e03fcfd379d3&quot;,&quot;content&quot;:&quot;&quot;,&quot;attachment_url&quot;:&quot;&quot;,&quot;attachment_name&quot;:&quot;&quot;,&quot;submitted_at&quot;:&quot;2026-08-12T06:01:38.481016+00:00&quot;,&quot;status&quot;:&quot;submitted&quot;}&#10;assert 200 == 422&#10; +  where 200 = &lt;Response [200]&gt;.status_code">backend/tests/test_iteration9_requested.py:261: in test_homework_rejects_empty_submission
    assert response.status_code == 422, response.text
E   AssertionError: {"id":"577020fe-1f54-41d7-8f96-e27c881fa202","homework_id":"TEST_nonexistent","student_id":"95260826-2f04-47b2-aec5-7f7d5948cac6","student_name":"TEST_UI Retest Student","institute_id":"5c97245a-f2f7-4f24-8529-e03fcfd379d3","content":"","attachment_url":"","attachment_name":"","submitted_at":"2026-08-12T06:01:38.481016+00:00","status":"submitted"}
E   assert 200 == 422
E    +  where 200 = &lt;Response [200]&gt;.status_code</failure></testcase><testcase classname="tests.test_iteration9_requested" name="test_report_card_remarks_persist_and_render_in_pdf" time="1.300" /><testcase classname="tests.test_iteration9_requested" name="test_bcrypt_hash_and_seed_password_update_logic" time="0.001" /><testcase classname="tests.test_iteration9_requested" name="test_login_sets_application_httponly_cookie" time="0.322"><failure message="AssertionError: assert ('access_token=' in '__cf_bm=aq.um9soknr012bbtl2u6yp3s07ldmpn8b.rsyjnvny-1786514499.8642647-1.0.1.1-fst.pgouu235iiv0hhulhcxa53hu8b5bugcf.rjeexmbz907pnkg87mwtu_exexrpcmo91oobnlk37nkscispwjhv3xelil8aaysjaaev_pmbajkuhbxdgct1kpibhuc; httponly; samesite=none; secure; path=/; domain=preview.emergentagent.com; expires=wed, 12 aug 2026 06:31:40 gmt')">backend/tests/test_iteration9_requested.py:300: in test_login_sets_application_httponly_cookie
    assert "access_token=" in cookie and "httponly" in cookie
E   AssertionError: assert ('access_token=' in '__cf_bm=aq.um9soknr012bbtl2u6yp3s07ldmpn8b.rsyjnvny-1786514499.8642647-1.0.1.1-fst.pgouu235iiv0hhulhcxa53hu8b5bugcf.rjeexmbz907pnkg87mwtu_exexrpcmo91oobnlk37nkscispwjhv3xelil8aaysjaaev_pmbajkuhbxdgct1kpibhuc; httponly; samesite=none; secure; path=/; domain=preview.emergentagent.com; expires=wed, 12 aug 2026 06:31:40 gmt')</failure></testcase><testcase classname="tests.test_iteration9_requested" name="test_cors_allows_credentials_with_explicit_origin" time="0.068"><failure message="AssertionError: assert '' == 'true'&#10;  &#10;  - true">backend/tests/test_iteration9_requested.py:309: in test_cors_allows_credentials_with_explicit_origin
    assert response.headers.get("access-control-allow-credentials", "").lower() == "true"
E   AssertionError: assert '' == 'true'
E     
E     - true</failure></testcase></testsuite></testsuites>