<?xml version="1.0" encoding="utf-8"?><testsuites name="pytest tests"><testsuite name="pytest" errors="0" failures="3" skipped="0" tests="6" time="4.918" timestamp="2026-08-12T12:35:57.776688+00:00" hostname="agent-env-0571847a-299d-46cc-b578-8f74160cbe78"><testcase classname="tests.test_iteration11_notifications_credentials" name="test_notifications_for_principal_and_teacher" time="0.938" /><testcase classname="tests.test_iteration11_notifications_credentials" name="test_principal_creates_teacher_with_generated_credentials_and_false_email" time="0.780" /><testcase classname="tests.test_iteration11_notifications_credentials" name="test_principal_creates_teacher_with_delivered_email" time="0.542"><failure message="assert False is True">backend/tests/test_iteration11_notifications_credentials.py:122: in test_principal_creates_teacher_with_delivered_email
    assert data["email_sent"] is True
E   assert False is True</failure></testcase><testcase classname="tests.test_iteration11_notifications_credentials" name="test_principal_creates_student_delivered_email_and_student_notifications" time="0.558"><failure message="assert False is True">backend/tests/test_iteration11_notifications_credentials.py:142: in test_principal_creates_student_delivered_email_and_student_notifications
    assert data["email_sent"] is True
E   assert False is True</failure></testcase><testcase classname="tests.test_iteration11_notifications_credentials" name="test_student_and_parent_email_are_both_returned_as_recipients" time="0.397"><failure message="AssertionError: assert {'delivered@resend.dev'} == {'delivered@r...@example.com'}&#10;  &#10;  Extra items in the right set:&#10;  'test_student_login_8bf12586@example.com'&#10;  &#10;  Full diff:&#10;    {&#10;        'delivered@resend.dev',&#10;  -     'test_student_login_8bf12586@example.com',&#10;    }">backend/tests/test_iteration11_notifications_credentials.py:171: in test_student_and_parent_email_are_both_returned_as_recipients
    assert set(data["email_recipients"]) == {student_email, parent_email}
E   AssertionError: assert {'delivered@resend.dev'} == {'delivered@r...@example.com'}
E     
E     Extra items in the right set:
E     'test_student_login_8bf12586@example.com'
E     
E     Full diff:
E       {
E           'delivered@resend.dev',
E     -     'test_student_login_8bf12586@example.com',
E       }</failure></testcase><testcase classname="tests.test_iteration11_notifications_credentials" name="test_teacher_creates_student_and_false_email_is_graceful" time="1.364" /></testsuite></testsuites>