<?xml version="1.0" encoding="utf-8"?><testsuites name="pytest tests"><testsuite name="pytest" errors="0" failures="4" skipped="0" tests="9" time="3.426" timestamp="2026-08-15T16:21:38.212593+00:00" hostname="agent-env-0571847a-299d-46cc-b578-8f74160cbe78"><testcase classname="tests.test_iteration13_phase1" name="test_principal_batch_list_and_optional_section_create_update" time="0.688" /><testcase classname="tests.test_iteration13_phase1" name="test_principal_assign_students_and_roster_refresh" time="0.335"><failure message="AssertionError: {&quot;detail&quot;:&quot;Not Found&quot;}&#10;assert 404 == 200&#10; +  where 404 = &lt;Response [404]&gt;.status_code">backend/tests/test_iteration13_phase1.py:121: in test_principal_assign_students_and_roster_refresh
    assert assigned.status_code == 200, assigned.text
E   AssertionError: {"detail":"Not Found"}
E   assert 404 == 200
E    +  where 404 = &lt;Response [404]&gt;.status_code</failure></testcase><testcase classname="tests.test_iteration13_phase1" name="test_teacher_sees_all_students_without_contact_or_fee_fields" time="0.104" /><testcase classname="tests.test_iteration13_phase1" name="test_teacher_sees_all_batches_with_boolean_i_teach" time="0.096" /><testcase classname="tests.test_iteration13_phase1" name="test_teacher_can_view_non_taught_batch_roster_without_sensitive_fields" time="0.214"><failure message="AssertionError: {&quot;detail&quot;:&quot;Not your batch&quot;}&#10;assert 403 == 200&#10; +  where 403 = &lt;Response [403]&gt;.status_code">backend/tests/test_iteration13_phase1.py:158: in test_teacher_can_view_non_taught_batch_roster_without_sensitive_fields
    assert response.status_code == 200, response.text
E   AssertionError: {"detail":"Not your batch"}
E   assert 403 == 200
E    +  where 403 = &lt;Response [403]&gt;.status_code</failure></testcase><testcase classname="tests.test_iteration13_phase1" name="test_teacher_student_detail_does_not_leak_sensitive_fields" time="0.104"><failure message="AssertionError: Principal-only fields leaked from student detail: ['monthly_fee', 'parent_email', 'parent_phone']&#10;assert not {'monthly_fee', 'parent_email', 'parent_phone'}">backend/tests/test_iteration13_phase1.py:169: in test_teacher_student_detail_does_not_leak_sensitive_fields
    assert not leaked, f"Principal-only fields leaked from student detail: {sorted(leaked)}"
E   AssertionError: Principal-only fields leaked from student detail: ['monthly_fee', 'parent_email', 'parent_phone']
E   assert not {'monthly_fee', 'parent_email', 'parent_phone'}</failure></testcase><testcase classname="tests.test_iteration13_phase1" name="test_teacher_taught_batch_roster_does_not_leak_sensitive_fields" time="0.286"><failure message="AssertionError: Principal-only fields leaked from batch roster: [['monthly_fee', 'parent_phone'], ['monthly_fee', 'parent_phone'], ['monthly_fee', 'parent_phone']]&#10;assert not [['monthly_fee', 'parent_phone'], ['monthly_fee', 'parent_phone'], ['monthly_fee', 'parent_phone'], ['monthly_fee', 'parent_phone'], ['monthly_fee', 'parent_phone'], ['monthly_fee', 'parent_phone']]">backend/tests/test_iteration13_phase1.py:180: in test_teacher_taught_batch_roster_does_not_leak_sensitive_fields
    assert not leaks, f"Principal-only fields leaked from batch roster: {leaks[:3]}"
E   AssertionError: Principal-only fields leaked from batch roster: [['monthly_fee', 'parent_phone'], ['monthly_fee', 'parent_phone'], ['monthly_fee', 'parent_phone']]
E   assert not [['monthly_fee', 'parent_phone'], ['monthly_fee', 'parent_phone'], ['monthly_fee', 'parent_phone'], ['monthly_fee', 'parent_phone'], ['monthly_fee', 'parent_phone'], ['monthly_fee', 'parent_phone']]</failure></testcase><testcase classname="tests.test_iteration13_phase1" name="test_teacher_homework_all_and_create_for_non_taught_class" time="0.772" /><testcase classname="tests.test_iteration13_phase1" name="test_student_batches_only_own_class" time="0.313" /></testsuite></testsuites>