<?xml version="1.0" encoding="utf-8"?><testsuites name="pytest tests"><testsuite name="pytest" errors="0" failures="7" skipped="0" tests="29" time="19.214" timestamp="2026-08-10T16:33:52.372582+00:00" hostname="agent-env-0571847a-299d-46cc-b578-8f74160cbe78"><testcase classname="tests.backend_test.TestAcademicAndCommunication" name="test_exam_create_marks_results_rank_grade" time="1.671" /><testcase classname="tests.backend_test.TestAuth" name="test_logins_and_me_for_all_roles" time="2.117" /><testcase classname="tests.backend_test.TestAcademicAndCommunication" name="test_homework_assign_submit_and_complete" time="1.809" /><testcase classname="tests.backend_test.TestAuth" name="test_invalid_login_and_lockout_after_five_failures" time="2.287"><failure message="AssertionError: Expected brute-force lockout after 5 failures, got [401, 401, 401, 401, 401, 401]&#10;assert 401 == 429">backend/tests/backend_test.py:88: in test_invalid_login_and_lockout_after_five_failures
    assert statuses[5] == 429, f"Expected brute-force lockout after 5 failures, got {statuses}"
E   AssertionError: Expected brute-force lockout after 5 failures, got [401, 401, 401, 401, 401, 401]
E   assert 401 == 429</failure></testcase><testcase classname="tests.backend_test.TestAcademicAndCommunication" name="test_announcement_post_role_visibility_delete" time="1.404" /><testcase classname="tests.backend_test.TestAuth" name="test_login_sets_httponly_cookie" time="0.354"><failure message="AssertionError: assert ('access_token=' in '__cf_bm=rcfruqfkd.1odibtth6f9nhvs1lixnaars3kavmwf_4-1786379637.5807524-1.0.1.1-n2hxxbnh.jznnl1sqizvvt769akkxzecx.pqaxe.cl1ywaahzb3jvrp0mp0hfchifug1clok7xt51jynmru48zx_v0c7ak4fk75yw1xedhbtc690321.dajkl7_plnhl; httponly; samesite=none; secure; path=/; domain=preview.emergentagent.com; expires=mon, 10 aug 2026 17:03:57 gmt')">backend/tests/backend_test.py:94: in test_login_sets_httponly_cookie
    assert "access_token=" in cookie and "httponly" in cookie
E   AssertionError: assert ('access_token=' in '__cf_bm=rcfruqfkd.1odibtth6f9nhvs1lixnaars3kavmwf_4-1786379637.5807524-1.0.1.1-n2hxxbnh.jznnl1sqizvvt769akkxzecx.pqaxe.cl1ywaahzb3jvrp0mp0hfchifug1clok7xt51jynmru48zx_v0c7ak4fk75yw1xedhbtc690321.dajkl7_plnhl; httponly; samesite=none; secure; path=/; domain=preview.emergentagent.com; expires=mon, 10 aug 2026 17:03:57 gmt')</failure></testcase><testcase classname="tests.backend_test.TestAuth" name="test_cors_credentials_uses_explicit_origin" time="0.082"><failure message="AssertionError: assert '' == 'true'&#10;  &#10;  - true">backend/tests/backend_test.py:103: in test_cors_credentials_uses_explicit_origin
    assert response.headers.get("access-control-allow-credentials", "").lower() == "true"
E   AssertionError: assert '' == 'true'
E     
E     - true</failure></testcase><testcase classname="tests.backend_test.TestAuth" name="test_seeded_password_hash_is_bcrypt_2b" time="0.007" /><testcase classname="tests.backend_test.TestAcademicAndCommunication" name="test_complaint_raise_and_principal_resolve" time="0.345" /><testcase classname="tests.backend_test.TestDashboardsAndScope" name="test_all_dashboards" time="0.491" /><testcase classname="tests.backend_test.TestAcademicAndCommunication" name="test_enquiry_create_and_convert" time="0.411" /><testcase classname="tests.backend_test.TestDashboardsAndScope" name="test_teacher_student_scope" time="0.227" /><testcase classname="tests.backend_test.TestDashboardsAndScope" name="test_teacher_attendance_timetable_and_exam_scope" time="0.490"><failure message="AssertionError: Teacher can read attendance for unassigned batches&#10;assert False&#10; +  where False = all(&lt;generator object TestDashboardsAndScope.test_teacher_attendance_timetable_and_exam_scope.&lt;locals&gt;.&lt;genexpr&gt; at 0xfff54424c120&gt;)">backend/tests/backend_test.py:148: in test_teacher_attendance_timetable_and_exam_scope
    assert all(item.get("batch_id") in allowed_batch_ids for item in attendance), "Teacher can read attendance for unassigned batches"
E   AssertionError: Teacher can read attendance for unassigned batches
E   assert False
E    +  where False = all(&lt;generator object TestDashboardsAndScope.test_teacher_attendance_timetable_and_exam_scope.&lt;locals&gt;.&lt;genexpr&gt; at 0xfff54424c120&gt;)</failure></testcase><testcase classname="tests.backend_test.TestAcademicAndCommunication" name="test_teacher_leave_apply_and_principal_reject" time="0.374" /><testcase classname="tests.backend_test.TestAcademicAndCommunication" name="test_timetable_generate_and_student_scope" time="0.246" /><testcase classname="tests.backend_test.TestDashboardsAndScope" name="test_student_list_is_restricted_to_own_record" time="0.118"><failure message="AssertionError: assert (31 == 1)&#10; +  where 31 = len([{'name': '', 'age': -4, 'gender': '', 'photo_url': '', ...}, {'id': '3c8a75e4-995e-434d-aef0-243a60c0058b', 'student_id': 'STU26441E8', 'name': 'Ishaan Reddy', 'age': 16, ...}, {'id': '027771ca-577f-47a3-887c-9700f03ce70a', 'student_id': 'STU26E814F', 'name': 'Kiara Singh', 'age': 14, ...}, {'id': '370eb7a8-481a-4a00-900a-7226fc693a00', 'student_id': 'STU26E566F', 'name': 'Saanvi Reddy', 'age': 15, ...}, {'id': '5b14c24e-2de7-4595-a59e-370bd205c92e', 'student_id': 'STU268DD7C', 'name': 'Anika Nair', 'age': 15, ...}, {'id': '7c30875a-0f46-4d3a-9701-6f8ef009e018', 'student_id': 'STU26BF20E', 'name': 'Aditya Nair', 'age': 14, ...}, ...])">backend/tests/backend_test.py:157: in test_student_list_is_restricted_to_own_record
    assert len(students) == 1 and students[0]["id"] == student_auth["user"]["id"]
E   AssertionError: assert (31 == 1)
E    +  where 31 = len([{'name': '', 'age': -4, 'gender': '', 'photo_url': '', ...}, {'id': '3c8a75e4-995e-434d-aef0-243a60c0058b', 'student_id': 'STU26441E8', 'name': 'Ishaan Reddy', 'age': 16, ...}, {'id': '027771ca-577f-47a3-887c-9700f03ce70a', 'student_id': 'STU26E814F', 'name': 'Kiara Singh', 'age': 14, ...}, {'id': '370eb7a8-481a-4a00-900a-7226fc693a00', 'student_id': 'STU26E566F', 'name': 'Saanvi Reddy', 'age': 15, ...}, {'id': '5b14c24e-2de7-4595-a59e-370bd205c92e', 'student_id': 'STU268DD7C', 'name': 'Anika Nair', 'age': 15, ...}, {'id': '7c30875a-0f46-4d3a-9701-6f8ef009e018', 'student_id': 'STU26BF20E', 'name': 'Aditya Nair', 'age': 14, ...}, ...])</failure></testcase><testcase classname="tests.backend_test.TestDashboardsAndScope" name="test_student_cannot_access_another_student" time="1.767" /><testcase classname="tests.backend_test.TestAcademicAndCommunication" name="test_ai_summary_and_timetable_suggestions" time="9.116" /><testcase classname="tests.backend_test.TestCoreCRUD" name="test_student_create_update_get_delete" time="1.010" /><testcase classname="tests.backend_test.TestCoreCRUD" name="test_batch_create_update_delete" time="1.006" /><testcase classname="tests.backend_test.TestCoreCRUD" name="test_teacher_create_update_delete" time="0.895" /><testcase classname="tests.backend_test.TestValidationAndPermissions" name="test_unauthenticated_and_forbidden_requests" time="0.499" /><testcase classname="tests.backend_test.TestValidationAndPermissions" name="test_student_cannot_read_staff_payroll" time="0.115"><failure message="AssertionError: Student can list institute-wide staff salaries&#10;assert 200 == 403&#10; +  where 200 = &lt;Response [200]&gt;.status_code">backend/tests/backend_test.py:384: in test_student_cannot_read_staff_payroll
    assert response.status_code == 403, "Student can list institute-wide staff salaries"
E   AssertionError: Student can list institute-wide staff salaries
E   assert 200 == 403
E    +  where 200 = &lt;Response [200]&gt;.status_code</failure></testcase><testcase classname="tests.backend_test.TestValidationAndPermissions" name="test_invalid_student_input_is_rejected" time="0.439"><failure message="assert 200 == 422&#10; +  where 200 = &lt;Response [200]&gt;.status_code">backend/tests/backend_test.py:393: in test_invalid_student_input_is_rejected
    assert response.status_code == 422
E   assert 200 == 422
E    +  where 200 = &lt;Response [200]&gt;.status_code</failure></testcase><testcase classname="tests.backend_test.TestOperations" name="test_manual_attendance_and_teacher_self_attendance" time="0.547" /><testcase classname="tests.backend_test.TestOperations" name="test_fee_create_remind_mark_paid" time="0.570" /><testcase classname="tests.backend_test.TestOperations" name="test_student_razorpay_test_order_creation" time="1.074" /><testcase classname="tests.backend_test.TestOperations" name="test_report_card_pdf" time="0.160" /><testcase classname="tests.backend_test.TestOperations" name="test_salary_create_pay_and_pdf" time="0.673" /></testsuite></testsuites>