<?xml version="1.0" encoding="utf-8"?><testsuites name="pytest tests"><testsuite name="pytest" errors="0" failures="2" skipped="0" tests="10" time="11.063" timestamp="2026-08-12T05:21:50.489573+00:00" hostname="agent-env-0571847a-299d-46cc-b578-8f74160cbe78"><testcase classname="tests.test_iteration6_requested" name="test_timetable_generation_conflicts_grid_and_pdf" time="1.992" /><testcase classname="tests.test_iteration6_requested" name="test_batch_admission_roster_move_and_teacher_scope" time="1.664" /><testcase classname="tests.test_iteration6_requested" name="test_fee_receipt_salary_breakdown_and_slip" time="1.989" /><testcase classname="tests.test_iteration6_requested" name="test_razorpay_test_order" time="1.646" /><testcase classname="tests.test_iteration6_requested" name="test_complaint_both_attachment_principal_teacher_audit" time="1.273" /><testcase classname="tests.test_iteration6_requested" name="test_complaint_rejects_invalid_status" time="0.191" /><testcase classname="tests.test_iteration6_requested" name="test_dashboard_insights_contract_and_rbac" time="0.279" /><testcase classname="tests.test_iteration6_requested" name="test_auth_regression_bcrypt_and_lockout" time="0.930" /><testcase classname="tests.test_iteration6_requested" name="test_login_sets_application_httponly_cookie" time="0.318"><failure message="AssertionError: assert ('access_token=' in '__cf_bm=khhqeqg36yq.vfukidsybgt6nriidxejdbqo6ilptne-1786512120.8381772-1.0.1.1-9gwmwzqt.rvo.dwbd0k_s.g5.hd601afi5icfwmufrqxgkftyzdywzbrg5wmvcgvsh1nrzg49mff_dpxlx7vkadyun0khj4mqvraqvot8gvi9fletmfgformjmpd8q_c; httponly; samesite=none; secure; path=/; domain=preview.emergentagent.com; expires=wed, 12 aug 2026 05:52:01 gmt')">backend/tests/test_iteration6_requested.py:276: in test_login_sets_application_httponly_cookie
    assert "access_token=" in cookie and "httponly" in cookie
E   AssertionError: assert ('access_token=' in '__cf_bm=khhqeqg36yq.vfukidsybgt6nriidxejdbqo6ilptne-1786512120.8381772-1.0.1.1-9gwmwzqt.rvo.dwbd0k_s.g5.hd601afi5icfwmufrqxgkftyzdywzbrg5wmvcgvsh1nrzg49mff_dpxlx7vkadyun0khj4mqvraqvot8gvi9fletmfgformjmpd8q_c; httponly; samesite=none; secure; path=/; domain=preview.emergentagent.com; expires=wed, 12 aug 2026 05:52:01 gmt')</failure></testcase><testcase classname="tests.test_iteration6_requested" name="test_cors_allows_credentials_with_explicit_origin" time="0.068"><failure message="AssertionError: assert '' == 'true'&#10;  &#10;  - true">backend/tests/test_iteration6_requested.py:285: in test_cors_allows_credentials_with_explicit_origin
    assert preflight.headers.get("access-control-allow-credentials", "").lower() == "true"
E   AssertionError: assert '' == 'true'
E     
E     - true</failure></testcase></testsuite></testsuites>