<?xml version="1.0" encoding="utf-8"?><testsuites name="pytest tests"><testsuite name="pytest" errors="0" failures="3" skipped="0" tests="5" time="5.964" timestamp="2026-08-15T16:16:50.159963+00:00" hostname="agent-env-0571847a-299d-46cc-b578-8f74160cbe78"><testcase classname="tests.test_iteration12_auth_superadmin.TestAuthControls" name="test_seeded_hashes_use_bcrypt_2b" time="0.006" /><testcase classname="tests.test_iteration12_auth_superadmin.TestAuthControls" name="test_brute_force_lockout_after_five_failures" time="2.190" /><testcase classname="tests.test_iteration12_auth_superadmin.TestAuthControls" name="test_otp_verification_sets_httponly_cookie" time="2.355"><failure message="AssertionError: assert ('access_token=' in '__cf_bm=72pzgq1mpaqnk.4xhjdlpqn3u5kbxy3uqq5jhvy9t5g-1786810614.7994459-1.0.1.1-fgv4kbuoazmtxpwonkzudn3wsioxhysx4qmwlt55bsiapnvthw3agt5.g4whw6fc8f4_vpxct9bvdhkvw4wfj3.fgi7ail2mx7oiocrkuwuxsbd9xxpzirqbswlds7.n; httponly; samesite=none; secure; path=/; domain=preview.emergentagent.com; expires=sat, 15 aug 2026 16:46:55 gmt')">backend/tests/test_iteration12_auth_superadmin.py:262: in test_otp_verification_sets_httponly_cookie
    assert "access_token=" in cookie and "httponly" in cookie and "secure" in cookie
E   AssertionError: assert ('access_token=' in '__cf_bm=72pzgq1mpaqnk.4xhjdlpqn3u5kbxy3uqq5jhvy9t5g-1786810614.7994459-1.0.1.1-fgv4kbuoazmtxpwonkzudn3wsioxhysx4qmwlt55bsiapnvthw3agt5.g4whw6fc8f4_vpxct9bvdhkvw4wfj3.fgi7ail2mx7oiocrkuwuxsbd9xxpzirqbswlds7.n; httponly; samesite=none; secure; path=/; domain=preview.emergentagent.com; expires=sat, 15 aug 2026 16:46:55 gmt')</failure></testcase><testcase classname="tests.test_iteration12_auth_superadmin.TestAuthControls" name="test_cors_allows_credentials_for_explicit_origin" time="0.071"><failure message="AssertionError: assert '' == 'true'&#10;  &#10;  - true">backend/tests/test_iteration12_auth_superadmin.py:271: in test_cors_allows_credentials_for_explicit_origin
    assert response.headers.get("access-control-allow-credentials", "").lower() == "true"
E   AssertionError: assert '' == 'true'
E     
E     - true</failure></testcase><testcase classname="tests.test_iteration12_auth_superadmin.TestAuthControls" name="test_super_admin_seed_updates_existing_password_when_configuration_changes" time="0.779"><failure message="AssertionError: assert False&#10; +  where False = &lt;built-in function checkpw&gt;(b'TEST_Rotated_Super_Admin_2026!', b'$2b$12$/1hXHMPdAxM7R0vdOTg1MOd/MmwT3h8CaT1jyQioDnesTqhWzqeHe')&#10; +    where &lt;built-in function checkpw&gt; = bcrypt.checkpw&#10; +    and   b'TEST_Rotated_Super_Admin_2026!' = &lt;built-in method encode of str object at 0xfb62614042b0&gt;()&#10; +      where &lt;built-in method encode of str object at 0xfb62614042b0&gt; = 'TEST_Rotated_Super_Admin_2026!'.encode&#10; +    and   b'$2b$12$/1hXHMPdAxM7R0vdOTg1MOd/MmwT3h8CaT1jyQioDnesTqhWzqeHe' = &lt;built-in method encode of str object at 0xfb625bb532f0&gt;()&#10; +      where &lt;built-in method encode of str object at 0xfb625bb532f0&gt; = '$2b$12$/1hXHMPdAxM7R0vdOTg1MOd/MmwT3h8CaT1jyQioDnesTqhWzqeHe'.encode">backend/tests/test_iteration12_auth_superadmin.py:314: in test_super_admin_seed_updates_existing_password_when_configuration_changes
    assert bcrypt.checkpw(configured_password.encode(), existing["password_hash"].encode())
E   AssertionError: assert False
E    +  where False = &lt;built-in function checkpw&gt;(b'TEST_Rotated_Super_Admin_2026!', b'$2b$12$/1hXHMPdAxM7R0vdOTg1MOd/MmwT3h8CaT1jyQioDnesTqhWzqeHe')
E    +    where &lt;built-in function checkpw&gt; = bcrypt.checkpw
E    +    and   b'TEST_Rotated_Super_Admin_2026!' = &lt;built-in method encode of str object at 0xfb62614042b0&gt;()
E    +      where &lt;built-in method encode of str object at 0xfb62614042b0&gt; = 'TEST_Rotated_Super_Admin_2026!'.encode
E    +    and   b'$2b$12$/1hXHMPdAxM7R0vdOTg1MOd/MmwT3h8CaT1jyQioDnesTqhWzqeHe' = &lt;built-in method encode of str object at 0xfb625bb532f0&gt;()
E    +      where &lt;built-in method encode of str object at 0xfb625bb532f0&gt; = '$2b$12$/1hXHMPdAxM7R0vdOTg1MOd/MmwT3h8CaT1jyQioDnesTqhWzqeHe'.encode</failure></testcase></testsuite></testsuites>