<?xml version="1.0" encoding="utf-8"?><testsuites name="pytest tests"><testsuite name="pytest" errors="0" failures="4" skipped="0" tests="10" time="11.241" timestamp="2026-08-12T04:11:09.847075+00:00" hostname="agent-env-0571847a-299d-46cc-b578-8f74160cbe78"><testcase classname="tests.test_iteration6_requested" name="test_timetable_generation_conflicts_grid_and_pdf" time="2.066" /><testcase classname="tests.test_iteration6_requested" name="test_batch_admission_roster_move_and_teacher_scope" time="1.741" /><testcase classname="tests.test_iteration6_requested" name="test_fee_receipt_salary_breakdown_and_slip" time="1.960" /><testcase classname="tests.test_iteration6_requested" name="test_razorpay_test_order" time="1.664" /><testcase classname="tests.test_iteration6_requested" name="test_complaint_both_attachment_principal_teacher_audit" time="1.134"><failure message="AssertionError: Complaint leaked to a teacher outside the student's assigned batch&#10;assert False&#10; +  where False = all(&lt;generator object test_complaint_both_attachment_principal_teacher_audit.&lt;locals&gt;.&lt;genexpr&gt; at 0xf950cc402880&gt;)">backend/tests/test_iteration6_requested.py:215: in test_complaint_both_attachment_principal_teacher_audit
    assert all(c["id"] != complaint["id"] for c in api("GET", "/complaints", teacher2["access_token"]).json()), "Complaint leaked to a teacher outside the student's assigned batch"
E   AssertionError: Complaint leaked to a teacher outside the student's assigned batch
E   assert False
E    +  where False = all(&lt;generator object test_complaint_both_attachment_principal_teacher_audit.&lt;locals&gt;.&lt;genexpr&gt; at 0xf950cc402880&gt;)</failure></testcase><testcase classname="tests.test_iteration6_requested" name="test_complaint_rejects_invalid_status" time="0.201"><failure message="AssertionError: {&quot;subject&quot;:&quot;TEST_Invalid Status 14c46aaf&quot;,&quot;description&quot;:&quot;validation&quot;,&quot;category&quot;:&quot;general&quot;,&quot;direction&quot;:&quot;principal&quot;,&quot;attachment_url&quot;:&quot;&quot;,&quot;attachments&quot;:[],&quot;id&quot;:&quot;e2e1bfe4-8538-470b-b377-1fb9fee2bed1&quot;,&quot;institute_id&quot;:&quot;5c97245a-f2f7-4f24-8529-e03fcfd379d3&quot;,&quot;raised_by_id&quot;:&quot;95260826-2f04-47b2-aec5-7f7d5948cac6&quot;,&quot;raised_by&quot;:&quot;TEST_UI Retest Student&quot;,&quot;raised_by_role&quot;:&quot;student&quot;,&quot;status&quot;:&quot;deleted&quot;,&quot;response&quot;:&quot;&quot;,&quot;audit&quot;:[{&quot;by&quot;:&quot;Dr. Shivam Mantri&quot;,&quot;by_role&quot;:&quot;principal&quot;,&quot;from_status&quot;:&quot;pending&quot;,&quot;to_status&quot;:&quot;deleted&quot;,&quot;note&quot;:&quot;&quot;,&quot;at&quot;:&quot;2026-08-12T04:11:18.993759+00:00&quot;}],&quot;created_at&quot;:&quot;2026-08-12T04:11:18.894057+00:00&quot;,&quot;updated_at&quot;:&quot;2026-08-12T04:11:18.993806+00:00&quot;}&#10;assert 200 in (400, 422)&#10; +  where 200 = &lt;Response [200]&gt;.status_code">backend/tests/test_iteration6_requested.py:241: in test_complaint_rejects_invalid_status
    assert invalid.status_code in (400, 422), invalid.text
E   AssertionError: {"subject":"TEST_Invalid Status 14c46aaf","description":"validation","category":"general","direction":"principal","attachment_url":"","attachments":[],"id":"e2e1bfe4-8538-470b-b377-1fb9fee2bed1","institute_id":"5c97245a-f2f7-4f24-8529-e03fcfd379d3","raised_by_id":"95260826-2f04-47b2-aec5-7f7d5948cac6","raised_by":"TEST_UI Retest Student","raised_by_role":"student","status":"deleted","response":"","audit":[{"by":"Dr. Shivam Mantri","by_role":"principal","from_status":"pending","to_status":"deleted","note":"","at":"2026-08-12T04:11:18.993759+00:00"}],"created_at":"2026-08-12T04:11:18.894057+00:00","updated_at":"2026-08-12T04:11:18.993806+00:00"}
E   assert 200 in (400, 422)
E    +  where 200 = &lt;Response [200]&gt;.status_code</failure></testcase><testcase classname="tests.test_iteration6_requested" name="test_dashboard_insights_contract_and_rbac" time="0.232" /><testcase classname="tests.test_iteration6_requested" name="test_auth_regression_bcrypt_and_lockout" time="0.909" /><testcase classname="tests.test_iteration6_requested" name="test_login_sets_application_httponly_cookie" time="0.323"><failure message="AssertionError: assert ('access_token=' in '__cf_bm=05i8tngonmrgtz0nzelvx3libsahzkv3ugxkidlniry-1786507880.2181137-1.0.1.1-eptgcmqepooywsp7aaidtksodi.k1whujfp3jlqqfewdi1p__r7bhh.td7ya4ocqgn8gwlqhobns.vvfcnho0az407eg8jokqwg4j1vga_kujgkp56qlsuvuzwmtrhnz; httponly; samesite=none; secure; path=/; domain=preview.emergentagent.com; expires=wed, 12 aug 2026 04:41:20 gmt')">backend/tests/test_iteration6_requested.py:276: in test_login_sets_application_httponly_cookie
    assert "access_token=" in cookie and "httponly" in cookie
E   AssertionError: assert ('access_token=' in '__cf_bm=05i8tngonmrgtz0nzelvx3libsahzkv3ugxkidlniry-1786507880.2181137-1.0.1.1-eptgcmqepooywsp7aaidtksodi.k1whujfp3jlqqfewdi1p__r7bhh.td7ya4ocqgn8gwlqhobns.vvfcnho0az407eg8jokqwg4j1vga_kujgkp56qlsuvuzwmtrhnz; httponly; samesite=none; secure; path=/; domain=preview.emergentagent.com; expires=wed, 12 aug 2026 04:41:20 gmt')</failure></testcase><testcase classname="tests.test_iteration6_requested" name="test_cors_allows_credentials_with_explicit_origin" time="0.065"><failure message="AssertionError: assert '' == 'true'&#10;  &#10;  - true">backend/tests/test_iteration6_requested.py:285: in test_cors_allows_credentials_with_explicit_origin
    assert preflight.headers.get("access-control-allow-credentials", "").lower() == "true"
E   AssertionError: assert '' == 'true'
E     
E     - true</failure></testcase></testsuite></testsuites>