<?xml version="1.0" encoding="utf-8"?><testsuites name="pytest tests"><testsuite name="pytest" errors="0" failures="1" skipped="0" tests="10" time="3.899" timestamp="2026-08-15T16:28:47.240555+00:00" hostname="agent-env-0571847a-299d-46cc-b578-8f74160cbe78"><testcase classname="tests.test_iteration13_phase1" name="test_principal_batch_list_and_optional_section_create_update" time="0.703" /><testcase classname="tests.test_iteration13_phase1" name="test_principal_assign_students_and_roster_refresh" time="0.539" /><testcase classname="tests.test_iteration13_phase1" name="test_assign_students_authorization_and_invalid_target_safety" time="0.209"><failure message="AssertionError: {&quot;ok&quot;:true,&quot;moved&quot;:1}&#10;assert 200 == 404&#10; +  where 200 = &lt;Response [200]&gt;.status_code">backend/tests/test_iteration13_phase1.py:144: in test_assign_students_authorization_and_invalid_target_safety
    assert principal_attempt.status_code == 404, principal_attempt.text
E   AssertionError: {"ok":true,"moved":1}
E   assert 200 == 404
E    +  where 200 = &lt;Response [200]&gt;.status_code</failure></testcase><testcase classname="tests.test_iteration13_phase1" name="test_teacher_sees_all_students_without_contact_or_fee_fields" time="0.129" /><testcase classname="tests.test_iteration13_phase1" name="test_teacher_sees_all_batches_with_boolean_i_teach" time="0.104" /><testcase classname="tests.test_iteration13_phase1" name="test_teacher_can_view_non_taught_batch_roster_without_sensitive_fields" time="0.280" /><testcase classname="tests.test_iteration13_phase1" name="test_teacher_student_detail_does_not_leak_sensitive_fields" time="0.106" /><testcase classname="tests.test_iteration13_phase1" name="test_teacher_taught_batch_roster_does_not_leak_sensitive_fields" time="0.218" /><testcase classname="tests.test_iteration13_phase1" name="test_teacher_homework_all_and_create_for_non_taught_class" time="0.702" /><testcase classname="tests.test_iteration13_phase1" name="test_student_batches_only_own_class" time="0.321" /></testsuite></testsuites>