<?xml version="1.0" encoding="utf-8"?><testsuites name="pytest tests"><testsuite name="pytest" errors="0" failures="3" skipped="0" tests="9" time="9.916" timestamp="2026-08-11T04:25:43.278548+00:00" hostname="agent-env-0571847a-299d-46cc-b578-8f74160cbe78"><testcase classname="tests.test_iteration3_features" name="test_forgot_password_two_step_api_contract" time="0.684" /><testcase classname="tests.test_iteration3_features" name="test_custom_fee_partial_payment_receipt_and_reminders" time="5.348" /><testcase classname="tests.test_iteration3_features" name="test_salary_structure_lwp_generation_payment_and_slip" time="0.746" /><testcase classname="tests.test_iteration3_features" name="test_admission_pipeline_stage_and_assignment" time="0.388" /><testcase classname="tests.test_iteration3_features" name="test_leave_apply_and_reject_status" time="0.727" /><testcase classname="tests.test_iteration3_features" name="test_fee_rejects_unknown_student" time="0.105"><failure message="AssertionError: Fee creation accepted a nonexistent student and persisted an orphan record&#10;assert 200 == 404&#10; +  where 200 = &lt;Response [200]&gt;.status_code">backend/tests/test_iteration3_features.py:330: in test_fee_rejects_unknown_student
    assert created.status_code == 404, "Fee creation accepted a nonexistent student and persisted an orphan record"
E   AssertionError: Fee creation accepted a nonexistent student and persisted an orphan record
E   assert 200 == 404
E    +  where 200 = &lt;Response [200]&gt;.status_code</failure></testcase><testcase classname="tests.test_iteration3_features" name="test_salary_generation_rejects_duplicate_teacher_month" time="0.298"><failure message="AssertionError: Duplicate monthly salary was accepted for the same teacher&#10;assert 200 == 409&#10; +  where 200 = &lt;Response [200]&gt;.status_code">backend/tests/test_iteration3_features.py:344: in test_salary_generation_rejects_duplicate_teacher_month
    assert duplicate.status_code == 409, "Duplicate monthly salary was accepted for the same teacher"
E   AssertionError: Duplicate monthly salary was accepted for the same teacher
E   assert 200 == 409
E    +  where 200 = &lt;Response [200]&gt;.status_code</failure></testcase><testcase classname="tests.test_iteration3_features" name="test_leave_approval_is_idempotent" time="0.624"><failure message="AssertionError: Repeated approval deducted leave balance twice&#10;assert 10 == (12 - 1)">backend/tests/test_iteration3_features.py:366: in test_leave_approval_is_idempotent
    assert after["leave_balance"] == original_balance - 1, "Repeated approval deducted leave balance twice"
E   AssertionError: Repeated approval deducted leave balance twice
E   assert 10 == (12 - 1)</failure></testcase><testcase classname="tests.test_iteration3_features" name="test_cron_fee_reminder_rejects_unauthorized" time="0.194" /></testsuite></testsuites>