<?xml version="1.0" encoding="utf-8"?><testsuites name="pytest tests"><testsuite name="pytest" errors="0" failures="0" skipped="0" tests="4" time="5.927" timestamp="2026-08-11T16:57:31.388305+00:00" hostname="agent-env-0571847a-299d-46cc-b578-8f74160cbe78"><testcase classname="tests.test_iteration4_branding" name="test_institute_get_update_persistence_and_rbac" time="1.493" /><testcase classname="tests.test_iteration4_branding" name="test_institute_logo_upload_and_save" time="1.614" /><testcase classname="tests.test_iteration4_branding" name="test_branded_fee_receipt_and_salary_slip_pdfs" time="1.759" /><testcase classname="tests.test_iteration4_branding" name="test_batch_students_support_bulk_id_cards" time="0.248" /></testsuite></testsuites>