<?xml version="1.0" encoding="utf-8"?><testsuites name="pytest tests"><testsuite name="pytest" errors="0" failures="4" skipped="0" tests="38" time="91.943" timestamp="2026-08-11T16:55:58.978999+00:00" hostname="agent-env-0571847a-299d-46cc-b578-8f74160cbe78"><testcase classname="tests.test_iteration3_features" name="test_forgot_password_two_step_api_contract" time="1.246" /><testcase classname="tests.backend_test.TestAcademicAndCommunication" name="test_exam_create_marks_results_rank_grade" time="1.317" /><testcase classname="tests.backend_test.TestAcademicAndCommunication" name="test_homework_assign_submit_and_complete" time="1.192" /><testcase classname="tests.test_iteration3_features" name="test_custom_fee_partial_payment_receipt_and_reminders" time="9.707" /><testcase classname="tests.backend_test.TestAcademicAndCommunication" name="test_announcement_post_role_visibility_delete" time="1.635" /><testcase classname="tests.backend_test.TestAcademicAndCommunication" name="test_complaint_raise_and_principal_resolve" time="0.562" /><testcase classname="tests.backend_test.TestAcademicAndCommunication" name="test_enquiry_create_and_convert" time="0.942" /><testcase classname="tests.backend_test.TestAcademicAndCommunication" name="test_teacher_leave_apply_and_principal_reject" time="0.911" /><testcase classname="tests.backend_test.TestAcademicAndCommunication" name="test_timetable_generate_and_student_scope" time="0.955" /><testcase classname="tests.backend_test.TestAcademicAndCommunication" name="test_ai_summary_and_timetable_suggestions" time="11.706" /><testcase classname="tests.test_iteration3_features" name="test_salary_structure_lwp_generation_payment_and_slip" time="1.714" /><testcase classname="tests.test_iteration3_features" name="test_admission_pipeline_stage_and_assignment" time="0.616" /><testcase classname="tests.test_iteration3_features" name="test_leave_apply_and_reject_status" time="0.844" /><testcase classname="tests.test_iteration3_features" name="test_fee_rejects_unknown_student" time="0.113" /><testcase classname="tests.test_iteration3_features" name="test_salary_generation_rejects_duplicate_teacher_month" time="0.396" /><testcase classname="tests.test_iteration3_features" name="test_leave_approval_is_idempotent" time="0.712"><failure message="assert (200 == 200 and 400 in (200, 409))&#10; +  where 200 = &lt;Response [200]&gt;.status_code&#10; +  and   400 = &lt;Response [400]&gt;.status_code">backend/tests/test_iteration3_features.py:364: in test_leave_approval_is_idempotent
    assert first.status_code == 200 and second.status_code in (200, 409)
E   assert (200 == 200 and 400 in (200, 409))
E    +  where 200 = &lt;Response [200]&gt;.status_code
E    +  and   400 = &lt;Response [400]&gt;.status_code</failure></testcase><testcase classname="tests.test_iteration3_features" name="test_cron_fee_reminder_rejects_unauthorized" time="0.298" /><testcase classname="tests.backend_test.TestDashboardsAndScope" name="test_all_dashboards" time="1.771" /><testcase classname="tests.backend_test.TestDashboardsAndScope" name="test_teacher_student_scope" time="0.274" /><testcase classname="tests.backend_test.TestDashboardsAndScope" name="test_teacher_attendance_timetable_and_exam_scope" time="0.552" /><testcase classname="tests.backend_test.TestDashboardsAndScope" name="test_student_list_is_restricted_to_own_record" time="0.180" /><testcase classname="tests.backend_test.TestDashboardsAndScope" name="test_student_cannot_access_another_student" time="0.272" /><testcase classname="tests.backend_test.TestOperations" name="test_manual_attendance_and_teacher_self_attendance" time="0.474" /><testcase classname="tests.backend_test.TestOperations" name="test_fee_create_remind_mark_paid" time="0.817" /><testcase classname="tests.backend_test.TestAuth" name="test_logins_and_me_for_all_roles" time="0.418" /><testcase classname="tests.backend_test.TestAuth" name="test_invalid_login_and_lockout_after_five_failures" time="1.617" /><testcase classname="tests.backend_test.TestOperations" name="test_student_razorpay_test_order_creation" time="1.097" /><testcase classname="tests.backend_test.TestOperations" name="test_report_card_pdf" time="0.998" /><testcase classname="tests.backend_test.TestAuth" name="test_login_sets_httponly_cookie" time="0.778"><failure message="AssertionError: assert ('access_token=' in '__cf_bm=iyqgzq6pdqcek4avq4mldf3ogcmjqk40vgjsmyvqpyo-1786467380.7389786-1.0.1.1-xyq0pbwju7ykny4pyaccql389qlgadalbopiok...ddbi; httponly; samesite=none; secure; path=/; domain=preview.emergentagent.com; expires=tue, 11 aug 2026 17:26:21 gmt')">backend/tests/backend_test.py:96: in test_login_sets_httponly_cookie
    assert "access_token=" in cookie and "httponly" in cookie
E   AssertionError: assert ('access_token=' in '__cf_bm=iyqgzq6pdqcek4avq4mldf3ogcmjqk40vgjsmyvqpyo-1786467380.7389786-1.0.1.1-xyq0pbwju7ykny4pyaccql389qlgadalbopiok...ddbi; httponly; samesite=none; secure; path=/; domain=preview.emergentagent.com; expires=tue, 11 aug 2026 17:26:21 gmt')</failure></testcase><testcase classname="tests.backend_test.TestAuth" name="test_cors_credentials_uses_explicit_origin" time="0.071"><failure message="AssertionError: assert '' == 'true'&#10;  &#10;  - true">backend/tests/backend_test.py:105: in test_cors_credentials_uses_explicit_origin
    assert response.headers.get("access-control-allow-credentials", "").lower() == "true"
E   AssertionError: assert '' == 'true'
E     
E     - true</failure></testcase><testcase classname="tests.backend_test.TestOperations" name="test_salary_create_pay_and_pdf" time="0.268"><failure message="AssertionError: {&quot;detail&quot;:&quot;Salary already generated for this teacher and month&quot;}&#10;assert 409 == 200&#10; +  where 409 = &lt;Response [409]&gt;.status_code">backend/tests/backend_test.py:269: in test_salary_create_pay_and_pdf
    assert created.status_code == 200, created.text
E   AssertionError: {"detail":"Salary already generated for this teacher and month"}
E   assert 409 == 200
E    +  where 409 = &lt;Response [409]&gt;.status_code</failure></testcase><testcase classname="tests.backend_test.TestAuth" name="test_seeded_password_hash_is_bcrypt_2b" time="0.007" /><testcase classname="tests.backend_test.TestValidationAndPermissions" name="test_unauthenticated_and_forbidden_requests" time="0.709" /><testcase classname="tests.backend_test.TestCoreCRUD" name="test_student_create_update_get_delete" time="36.745" /><testcase classname="tests.backend_test.TestValidationAndPermissions" name="test_student_cannot_read_staff_payroll" time="68.400" /><testcase classname="tests.backend_test.TestCoreCRUD" name="test_batch_create_update_delete" time="25.735" /><testcase classname="tests.backend_test.TestCoreCRUD" name="test_teacher_create_update_delete" time="0.968" /><testcase classname="tests.backend_test.TestValidationAndPermissions" name="test_invalid_student_input_is_rejected" time="0.142" /></testsuite></testsuites>